<?xml version="1.0" encoding="UTF-8"?>
<testng-results ignored="0" total="1" passed="1" failed="0" skipped="0">
  <reporter-output>
  </reporter-output>
  <suite started-at="2022-12-05T01:18:27 EST" name="Default suite" finished-at="2022-12-05T01:18:33 EST" duration-ms="6159">
    <groups>
    </groups>
    <test started-at="2022-12-05T01:18:27 EST" name="Default test" finished-at="2022-12-05T01:18:33 EST" duration-ms="6159">
      <class name="test7.Class7">
        <test-method signature="Waittime()[pri:0, instance:test7.Class7@485966cc]" started-at="2022-12-05T01:18:27 EST" name="Waittime" finished-at="2022-12-05T01:18:33 EST" duration-ms="6132" status="PASS">
          <reporter-output>
          </reporter-output>
        </test-method> <!-- Waittime -->
      </class> <!-- test7.Class7 -->
    </test> <!-- Default test -->
  </suite> <!-- Default suite -->
</testng-results>
